<?xml version="1.0" encoding="UTF-8"?>
<testng-results ignored="0" total="1" passed="1" failed="0" skipped="0">
  <reporter-output>
  </reporter-output>
  <suite started-at="2020-10-15T14:48:32 IST" name="Default suite" finished-at="2020-10-15T14:48:57 IST" duration-ms="24669">
    <groups>
    </groups>
    <test started-at="2020-10-15T14:48:32 IST" name="Default test" finished-at="2020-10-15T14:48:57 IST" duration-ms="24669">
      <class name="testpack.NewTest">
        <test-method signature="method1()[pri:0, instance:testpack.NewTest@3098cf3b]" started-at="2020-10-15T14:48:32 IST" name="method1" finished-at="2020-10-15T14:48:57 IST" duration-ms="24621" status="PASS">
          <reporter-output>
          </reporter-output>
        </test-method> <!-- method1 -->
      </class> <!-- testpack.NewTest -->
    </test> <!-- Default test -->
  </suite> <!-- Default suite -->
</testng-results>
